ago. 31, 2025 4:50:33 PM liquibase.changelog
INFORMAÇÕES: Reading resource: db/changelog/migrations/db.changelog-202508291643.sql
ago. 31, 2025 4:50:33 PM liquibase.changelog
INFORMAÇÕES: Reading resource: db/changelog/migrations/db.changelog-202508311626.sql
ago. 31, 2025 4:50:33 PM liquibase.changelog
INFORMAÇÕES: Reading resource: db/changelog/migrations/db.changelog-202508311637.sql
ago. 31, 2025 4:50:33 PM liquibase.changelog
INFORMAÇÕES: Reading resource: db/changelog/migrations/db.changelog-202508311641.sql
ago. 31, 2025 4:50:33 PM liquibase.changelog
INFORMAÇÕES: Reading from board.databasechangelog
ago. 31, 2025 4:50:33 PM liquibase.lockservice
INFORMAÇÕES: Successfully acquired change log lock
ago. 31, 2025 4:50:33 PM liquibase.command
INFORMAÇÕES: Using deploymentId: 6669833760
ago. 31, 2025 4:50:33 PM liquibase.changelog
INFORMAÇÕES: Reading from board.databasechangelog
Running Changeset: db/changelog/migrations/db.changelog-202508311641.sql::raw::includeAll
ago. 31, 2025 4:50:33 PM liquibase.changelog
INFORMAÇÕES: Custom SQL executed
ago. 31, 2025 4:50:33 PM liquibase.changelog
INFORMAÇÕES: ChangeSet db/changelog/migrations/db.changelog-202508311641.sql::raw::includeAll ran successfully in 55ms

UPDATE SUMMARY
Run:                          1
Previously run:               3
Filtered out:                 0
-------------------------------
Total change sets:            4

ago. 31, 2025 4:50:33 PM liquibase.util
INFORMAÇÕES: UPDATE SUMMARY
ago. 31, 2025 4:50:33 PM liquibase.util
INFORMAÇÕES: Run:                          1
ago. 31, 2025 4:50:33 PM liquibase.util
INFORMAÇÕES: Previously run:               3
ago. 31, 2025 4:50:33 PM liquibase.util
INFORMAÇÕES: Filtered out:                 0
ago. 31, 2025 4:50:33 PM liquibase.util
INFORMAÇÕES: -------------------------------
ago. 31, 2025 4:50:33 PM liquibase.util
INFORMAÇÕES: Total change sets:            4
ago. 31, 2025 4:50:33 PM liquibase.util
INFORMAÇÕES: Update summary generated
ago. 31, 2025 4:50:33 PM liquibase.command
INFORMAÇÕES: Update command completed successfully.
Liquibase: Update has been successful. Rows affected: 1
ago. 31, 2025 4:50:33 PM liquibase.lockservice
INFORMAÇÕES: Successfully released change log lock
ago. 31, 2025 4:50:33 PM liquibase.command
INFORMAÇÕES: Command execution complete
